I, [2015-08-28T00:37:19.581996 #3630]  INFO -- : Started GET "/" for 127.0.0.1 at 2015-08-28 00:37:19 -0700
I, [2015-08-28T00:37:20.400913 #3630]  INFO -- : Processing by StaticPagesController#index as HTML
I, [2015-08-28T00:37:20.621886 #3630]  INFO -- :   Rendered static_pages/index.html.erb within layouts/application (3.9ms)
I, [2015-08-28T00:37:20.624196 #3630]  INFO -- :   Rendered layouts/_shiv.html.erb (0.2ms)
I, [2015-08-28T00:37:20.625899 #3630]  INFO -- :   Rendered layouts/_nav.html.erb (0.8ms)
I, [2015-08-28T00:37:20.627283 #3630]  INFO -- :   Rendered layouts/_dev.html.erb (0.3ms)
I, [2015-08-28T00:37:20.627544 #3630]  INFO -- : Completed 200 OK in 227ms (Views: 16.5ms | ActiveRecord: 198.1ms)
I, [2015-08-28T00:37:23.345493 #3630]  INFO -- : Started GET "/login" for 127.0.0.1 at 2015-08-28 00:37:23 -0700
I, [2015-08-28T00:37:23.396951 #3630]  INFO -- : Processing by SessionsController#new as HTML
I, [2015-08-28T00:37:23.406221 #3630]  INFO -- :   Rendered shared/_alert.html.erb (0.4ms)
I, [2015-08-28T00:37:23.583852 #3630]  INFO -- :   Rendered sessions/new.html.erb within layouts/application (180.5ms)
I, [2015-08-28T00:37:23.584531 #3630]  INFO -- :   Rendered layouts/_shiv.html.erb (0.0ms)
I, [2015-08-28T00:37:23.584668 #3630]  INFO -- :   Rendered layouts/_nav.html.erb (0.1ms)
I, [2015-08-28T00:37:23.584830 #3630]  INFO -- :   Rendered layouts/_dev.html.erb (0.0ms)
I, [2015-08-28T00:37:23.585000 #3630]  INFO -- : Completed 200 OK in 188ms (Views: 187.2ms | ActiveRecord: 0.0ms)
I, [2015-08-28T00:37:29.018896 #3630]  INFO -- : Started POST "/login" for 127.0.0.1 at 2015-08-28 00:37:29 -0700
I, [2015-08-28T00:37:29.062138 #3630]  INFO -- : Processing by SessionsController#create as HTML
I, [2015-08-28T00:37:29.062260 #3630]  INFO -- :   Parameters: {"utf8"=>"✓", "authenticity_token"=>"8AW15/+t/qD+dSNEVWW3N9sY+ZVthw5+oTi4RtAVtgZCk+qyM4crKeY8DI5/3ZI7vdjvDYlemZIHHHbURHcgYg==", "session"=>{"username"=>"cameron.aziz", "password"=>"[FILTERED]", "remember_me"=>"0"}, "commit"=>"Log in"}
D, [2015-08-28T00:37:29.164898 #3630] DEBUG -- :   [1m[36mUser Load (49.2ms)[0m  [1mSELECT  `users`.* FROM `users` WHERE `users`.`username` = 'cameron.aziz' LIMIT 1[0m
I, [2015-08-28T00:37:29.270625 #3630]  INFO -- : Redirected to http://localhost:3000/profile
I, [2015-08-28T00:37:29.270814 #3630]  INFO -- : Completed 302 Found in 208ms (ActiveRecord: 134.5ms)
I, [2015-08-28T00:37:29.275660 #3630]  INFO -- : Started GET "/profile" for 127.0.0.1 at 2015-08-28 00:37:29 -0700
I, [2015-08-28T00:37:29.315478 #3630]  INFO -- : Processing by StaticPagesController#profile as HTML
D, [2015-08-28T00:37:29.361444 #3630] DEBUG -- :   [1m[35mUser Load (44.4ms)[0m  SELECT  `users`.* FROM `users` WHERE `users`.`id` = 1 LIMIT 1
I, [2015-08-28T00:37:29.364212 #3630]  INFO -- :   Rendered static_pages/profile.erb within layouts/application (0.4ms)
I, [2015-08-28T00:37:29.365287 #3630]  INFO -- :   Rendered layouts/_shiv.html.erb (0.0ms)
D, [2015-08-28T00:37:29.445417 #3630] DEBUG -- :   [1m[36mGroup Load (38.2ms)[0m  [1mSELECT  `groups`.* FROM `groups` WHERE `groups`.`name` = 'Administrators' LIMIT 1[0m
D, [2015-08-28T00:37:29.578223 #3630] DEBUG -- :   [1m[35mGroup Load (38.6ms)[0m  SELECT  `groups`.* FROM `groups` WHERE `groups`.`id` = 1 LIMIT 1
D, [2015-08-28T00:37:29.624773 #3630] DEBUG -- :   [1m[36mGroup Exists (39.0ms)[0m  [1mSELECT `groups`.* FROM `groups` INNER JOIN `memberships` ON `groups`.`id` = `memberships`.`group_id` WHERE `memberships`.`user_id` = 1 AND `groups`.`id` = 1[0m
D, [2015-08-28T00:37:29.625484 #3630] DEBUG -- :   [1m[35mCACHE (0.0ms)[0m  SELECT  `groups`.* FROM `groups` WHERE `groups`.`name` = 'Administrators' LIMIT 1  [["name", "Administrators"]]
D, [2015-08-28T00:37:29.626286 #3630] DEBUG -- :   [1m[36mCACHE (0.0ms)[0m  [1mSELECT  `groups`.* FROM `groups` WHERE `groups`.`id` = 1 LIMIT 1[0m  [["id", 1]]
D, [2015-08-28T00:37:29.627364 #3630] DEBUG -- :   [1m[35mCACHE (0.0ms)[0m  SELECT `groups`.* FROM `groups` INNER JOIN `memberships` ON `groups`.`id` = `memberships`.`group_id` WHERE `memberships`.`user_id` = 1 AND `groups`.`id` = 1  [["user_id", 1], ["id", 1]]
D, [2015-08-28T00:37:29.627757 #3630] DEBUG -- :   [1m[36mCACHE (0.0ms)[0m  [1mSELECT  `groups`.* FROM `groups` WHERE `groups`.`name` = 'Administrators' LIMIT 1[0m  [["name", "Administrators"]]
D, [2015-08-28T00:37:29.628307 #3630] DEBUG -- :   [1m[35mCACHE (0.0ms)[0m  SELECT  `groups`.* FROM `groups` WHERE `groups`.`id` = 1 LIMIT 1  [["id", 1]]
D, [2015-08-28T00:37:29.628796 #3630] DEBUG -- :   [1m[36mCACHE (0.0ms)[0m  [1mSELECT `groups`.* FROM `groups` INNER JOIN `memberships` ON `groups`.`id` = `memberships`.`group_id` WHERE `memberships`.`user_id` = 1 AND `groups`.`id` = 1[0m  [["user_id", 1], ["id", 1]]
I, [2015-08-28T00:37:29.629090 #3630]  INFO -- :   Rendered layouts/_nav.html.erb (263.7ms)
I, [2015-08-28T00:37:29.629303 #3630]  INFO -- :   Rendered layouts/_dev.html.erb (0.0ms)
I, [2015-08-28T00:37:29.629502 #3630]  INFO -- : Completed 200 OK in 314ms (Views: 34.4ms | ActiveRecord: 277.4ms)
I, [2015-08-28T00:37:32.580965 #3630]  INFO -- : Started GET "/portfolios" for 127.0.0.1 at 2015-08-28 00:37:32 -0700
I, [2015-08-28T00:37:32.624809 #3630]  INFO -- : Processing by PortfoliosController#index as HTML
D, [2015-08-28T00:37:32.666353 #3630] DEBUG -- :   [1m[35mUser Load (40.8ms)[0m  SELECT  `users`.* FROM `users` WHERE `users`.`id` = 1 LIMIT 1
I, [2015-08-28T00:37:32.720720 #3630]  INFO -- :   Rendered shared/_notice.html.erb (0.4ms)
D, [2015-08-28T00:37:32.762685 #3630] DEBUG -- :   [1m[36mPortfolio Load (41.4ms)[0m  [1mSELECT `portfolios`.* FROM `portfolios` WHERE `portfolios`.`user_id` = 1[0m
I, [2015-08-28T00:37:32.805981 #3630]  INFO -- :   Rendered portfolios/index.html.erb within layouts/application (88.1ms)
I, [2015-08-28T00:37:32.807074 #3630]  INFO -- :   Rendered layouts/_shiv.html.erb (0.0ms)
D, [2015-08-28T00:37:32.845858 #3630] DEBUG -- :   [1m[35mGroup Load (38.1ms)[0m  SELECT  `groups`.* FROM `groups` WHERE `groups`.`name` = 'Administrators' LIMIT 1
D, [2015-08-28T00:37:32.898063 #3630] DEBUG -- :   [1m[36mGroup Load (50.5ms)[0m  [1mSELECT  `groups`.* FROM `groups` WHERE `groups`.`id` = 1 LIMIT 1[0m
D, [2015-08-28T00:37:32.941390 #3630] DEBUG -- :   [1m[35mGroup Exists (42.0ms)[0m  SELECT `groups`.* FROM `groups` INNER JOIN `memberships` ON `groups`.`id` = `memberships`.`group_id` WHERE `memberships`.`user_id` = 1 AND `groups`.`id` = 1
D, [2015-08-28T00:37:32.942039 #3630] DEBUG -- :   [1m[36mCACHE (0.0ms)[0m  [1mSELECT  `groups`.* FROM `groups` WHERE `groups`.`name` = 'Administrators' LIMIT 1[0m  [["name", "Administrators"]]
D, [2015-08-28T00:37:32.942845 #3630] DEBUG -- :   [1m[35mCACHE (0.0ms)[0m  SELECT  `groups`.* FROM `groups` WHERE `groups`.`id` = 1 LIMIT 1  [["id", 1]]
D, [2015-08-28T00:37:32.943844 #3630] DEBUG -- :   [1m[36mCACHE (0.0ms)[0m  [1mSELECT `groups`.* FROM `groups` INNER JOIN `memberships` ON `groups`.`id` = `memberships`.`group_id` WHERE `memberships`.`user_id` = 1 AND `groups`.`id` = 1[0m  [["user_id", 1], ["id", 1]]
D, [2015-08-28T00:37:32.944211 #3630] DEBUG -- :   [1m[35mCACHE (0.0ms)[0m  SELECT  `groups`.* FROM `groups` WHERE `groups`.`name` = 'Administrators' LIMIT 1  [["name", "Administrators"]]
D, [2015-08-28T00:37:32.944762 #3630] DEBUG -- :   [1m[36mCACHE (0.0ms)[0m  [1mSELECT  `groups`.* FROM `groups` WHERE `groups`.`id` = 1 LIMIT 1[0m  [["id", 1]]
D, [2015-08-28T00:37:32.945248 #3630] DEBUG -- :   [1m[35mCACHE (0.0ms)[0m  SELECT `groups`.* FROM `groups` INNER JOIN `memberships` ON `groups`.`id` = `memberships`.`group_id` WHERE `memberships`.`user_id` = 1 AND `groups`.`id` = 1  [["user_id", 1], ["id", 1]]
I, [2015-08-28T00:37:32.945536 #3630]  INFO -- :   Rendered layouts/_nav.html.erb (138.3ms)
I, [2015-08-28T00:37:32.945764 #3630]  INFO -- :   Rendered layouts/_dev.html.erb (0.0ms)
I, [2015-08-28T00:37:32.945973 #3630]  INFO -- : Completed 200 OK in 321ms (Views: 25.4ms | ActiveRecord: 293.2ms)
I, [2015-08-28T00:37:34.832606 #3630]  INFO -- : Started GET "/portfolios/new" for 127.0.0.1 at 2015-08-28 00:37:34 -0700
I, [2015-08-28T00:37:34.892245 #3630]  INFO -- : Processing by PortfoliosController#new as HTML
D, [2015-08-28T00:37:34.934615 #3630] DEBUG -- :   [1m[36mUser Load (41.4ms)[0m  [1mSELECT  `users`.* FROM `users` WHERE `users`.`id` = 1 LIMIT 1[0m
I, [2015-08-28T00:37:35.026905 #3630]  INFO -- :   Rendered investments/_table_form_no_remove.html.erb (0.5ms)
I, [2015-08-28T00:37:35.028766 #3630]  INFO -- :   Rendered investments/_table_form.html.erb (0.6ms)
I, [2015-08-28T00:37:35.029503 #3630]  INFO -- :   Rendered portfolios/new.html.erb within layouts/application (5.7ms)
I, [2015-08-28T00:37:35.030364 #3630]  INFO -- :   Rendered layouts/_shiv.html.erb (0.0ms)
D, [2015-08-28T00:37:35.070230 #3630] DEBUG -- :   [1m[35mGroup Load (39.3ms)[0m  SELECT  `groups`.* FROM `groups` WHERE `groups`.`name` = 'Administrators' LIMIT 1
D, [2015-08-28T00:37:35.113494 #3630] DEBUG -- :   [1m[36mGroup Load (41.5ms)[0m  [1mSELECT  `groups`.* FROM `groups` WHERE `groups`.`id` = 1 LIMIT 1[0m
D, [2015-08-28T00:37:35.156505 #3630] DEBUG -- :   [1m[35mGroup Exists (41.7ms)[0m  SELECT `groups`.* FROM `groups` INNER JOIN `memberships` ON `groups`.`id` = `memberships`.`group_id` WHERE `memberships`.`user_id` = 1 AND `groups`.`id` = 1
D, [2015-08-28T00:37:35.157166 #3630] DEBUG -- :   [1m[36mCACHE (0.0ms)[0m  [1mSELECT  `groups`.* FROM `groups` WHERE `groups`.`name` = 'Administrators' LIMIT 1[0m  [["name", "Administrators"]]
D, [2015-08-28T00:37:35.157977 #3630] DEBUG -- :   [1m[35mCACHE (0.0ms)[0m  SELECT  `groups`.* FROM `groups` WHERE `groups`.`id` = 1 LIMIT 1  [["id", 1]]
D, [2015-08-28T00:37:35.158988 #3630] DEBUG -- :   [1m[36mCACHE (0.0ms)[0m  [1mSELECT `groups`.* FROM `groups` INNER JOIN `memberships` ON `groups`.`id` = `memberships`.`group_id` WHERE `memberships`.`user_id` = 1 AND `groups`.`id` = 1[0m  [["user_id", 1], ["id", 1]]
D, [2015-08-28T00:37:35.159355 #3630] DEBUG -- :   [1m[35mCACHE (0.0ms)[0m  SELECT  `groups`.* FROM `groups` WHERE `groups`.`name` = 'Administrators' LIMIT 1  [["name", "Administrators"]]
D, [2015-08-28T00:37:35.160027 #3630] DEBUG -- :   [1m[36mCACHE (0.0ms)[0m  [1mSELECT  `groups`.* FROM `groups` WHERE `groups`.`id` = 1 LIMIT 1[0m  [["id", 1]]
D, [2015-08-28T00:37:35.160484 #3630] DEBUG -- :   [1m[35mCACHE (0.0ms)[0m  SELECT `groups`.* FROM `groups` INNER JOIN `memberships` ON `groups`.`id` = `memberships`.`group_id` WHERE `memberships`.`user_id` = 1 AND `groups`.`id` = 1  [["user_id", 1], ["id", 1]]
I, [2015-08-28T00:37:35.160808 #3630]  INFO -- :   Rendered layouts/_nav.html.erb (130.3ms)
I, [2015-08-28T00:37:35.161030 #3630]  INFO -- :   Rendered layouts/_dev.html.erb (0.0ms)
I, [2015-08-28T00:37:35.161229 #3630]  INFO -- : Completed 200 OK in 269ms (Views: 17.9ms | ActiveRecord: 242.5ms)
I, [2015-08-28T00:39:59.701095 #3630]  INFO -- : Started GET "/portfolios/new" for 127.0.0.1 at 2015-08-28 00:39:59 -0700
I, [2015-08-28T00:39:59.744295 #3630]  INFO -- : Processing by PortfoliosController#new as HTML
D, [2015-08-28T00:39:59.789940 #3630] DEBUG -- :   [1m[36mUser Load (44.6ms)[0m  [1mSELECT  `users`.* FROM `users` WHERE `users`.`id` = 1 LIMIT 1[0m
I, [2015-08-28T00:39:59.793609 #3630]  INFO -- :   Rendered investments/_table_form_no_remove.html.erb (0.2ms)
I, [2015-08-28T00:39:59.794216 #3630]  INFO -- :   Rendered investments/_table_form.html.erb (0.3ms)
I, [2015-08-28T00:39:59.794963 #3630]  INFO -- :   Rendered portfolios/new.html.erb within layouts/application (2.8ms)
I, [2015-08-28T00:39:59.795892 #3630]  INFO -- :   Rendered layouts/_shiv.html.erb (0.0ms)
D, [2015-08-28T00:39:59.835659 #3630] DEBUG -- :   [1m[35mGroup Load (39.1ms)[0m  SELECT  `groups`.* FROM `groups` WHERE `groups`.`name` = 'Administrators' LIMIT 1
D, [2015-08-28T00:39:59.881561 #3630] DEBUG -- :   [1m[36mGroup Load (44.3ms)[0m  [1mSELECT  `groups`.* FROM `groups` WHERE `groups`.`id` = 1 LIMIT 1[0m
D, [2015-08-28T00:39:59.932183 #3630] DEBUG -- :   [1m[35mGroup Exists (49.3ms)[0m  SELECT `groups`.* FROM `groups` INNER JOIN `memberships` ON `groups`.`id` = `memberships`.`group_id` WHERE `memberships`.`user_id` = 1 AND `groups`.`id` = 1
D, [2015-08-28T00:39:59.932905 #3630] DEBUG -- :   [1m[36mCACHE (0.1ms)[0m  [1mSELECT  `groups`.* FROM `groups` WHERE `groups`.`name` = 'Administrators' LIMIT 1[0m  [["name", "Administrators"]]
D, [2015-08-28T00:39:59.933666 #3630] DEBUG -- :   [1m[35mCACHE (0.0ms)[0m  SELECT  `groups`.* FROM `groups` WHERE `groups`.`id` = 1 LIMIT 1  [["id", 1]]
D, [2015-08-28T00:39:59.934685 #3630] DEBUG -- :   [1m[36mCACHE (0.0ms)[0m  [1mSELECT `groups`.* FROM `groups` INNER JOIN `memberships` ON `groups`.`id` = `memberships`.`group_id` WHERE `memberships`.`user_id` = 1 AND `groups`.`id` = 1[0m  [["user_id", 1], ["id", 1]]
D, [2015-08-28T00:39:59.935042 #3630] DEBUG -- :   [1m[35mCACHE (0.0ms)[0m  SELECT  `groups`.* FROM `groups` WHERE `groups`.`name` = 'Administrators' LIMIT 1  [["name", "Administrators"]]
D, [2015-08-28T00:39:59.935592 #3630] DEBUG -- :   [1m[36mCACHE (0.0ms)[0m  [1mSELECT  `groups`.* FROM `groups` WHERE `groups`.`id` = 1 LIMIT 1[0m  [["id", 1]]
D, [2015-08-28T00:39:59.936096 #3630] DEBUG -- :   [1m[35mCACHE (0.0ms)[0m  SELECT `groups`.* FROM `groups` INNER JOIN `memberships` ON `groups`.`id` = `memberships`.`group_id` WHERE `memberships`.`user_id` = 1 AND `groups`.`id` = 1  [["user_id", 1], ["id", 1]]
I, [2015-08-28T00:39:59.936352 #3630]  INFO -- :   Rendered layouts/_nav.html.erb (140.4ms)
I, [2015-08-28T00:39:59.936663 #3630]  INFO -- :   Rendered layouts/_dev.html.erb (0.1ms)
I, [2015-08-28T00:39:59.936851 #3630]  INFO -- : Completed 200 OK in 192ms (Views: 12.2ms | ActiveRecord: 177.4ms)
I, [2015-08-28T00:41:09.513388 #3859]  INFO -- : Started GET "/portfolios/new" for 127.0.0.1 at 2015-08-28 00:41:09 -0700
I, [2015-08-28T00:41:09.869366 #3859]  INFO -- : Processing by PortfoliosController#new as HTML
D, [2015-08-28T00:41:09.983135 #3859] DEBUG -- :   [1m[36mUser Load (45.2ms)[0m  [1mSELECT  `users`.* FROM `users` WHERE `users`.`id` = 1 LIMIT 1[0m
I, [2015-08-28T00:41:10.269663 #3859]  INFO -- :   Rendered investments/_table_form_no_remove.html.erb (0.4ms)
I, [2015-08-28T00:41:10.271087 #3859]  INFO -- :   Rendered investments/_table_form.html.erb (0.6ms)
I, [2015-08-28T00:41:10.469486 #3859]  INFO -- :   Rendered portfolios/new.html.erb within layouts/application (202.5ms)
I, [2015-08-28T00:41:10.471650 #3859]  INFO -- :   Rendered layouts/_shiv.html.erb (0.2ms)
D, [2015-08-28T00:41:10.559601 #3859] DEBUG -- :   [1m[35mGroup Load (42.8ms)[0m  SELECT  `groups`.* FROM `groups` WHERE `groups`.`name` = 'Administrators' LIMIT 1
D, [2015-08-28T00:41:10.691530 #3859] DEBUG -- :   [1m[36mGroup Load (40.9ms)[0m  [1mSELECT  `groups`.* FROM `groups` WHERE `groups`.`id` = 1 LIMIT 1[0m
D, [2015-08-28T00:41:10.734790 #3859] DEBUG -- :   [1m[35mGroup Exists (38.1ms)[0m  SELECT `groups`.* FROM `groups` INNER JOIN `memberships` ON `groups`.`id` = `memberships`.`group_id` WHERE `memberships`.`user_id` = 1 AND `groups`.`id` = 1
D, [2015-08-28T00:41:10.735559 #3859] DEBUG -- :   [1m[36mCACHE (0.0ms)[0m  [1mSELECT  `groups`.* FROM `groups` WHERE `groups`.`name` = 'Administrators' LIMIT 1[0m  [["name", "Administrators"]]
D, [2015-08-28T00:41:10.736443 #3859] DEBUG -- :   [1m[35mCACHE (0.0ms)[0m  SELECT  `groups`.* FROM `groups` WHERE `groups`.`id` = 1 LIMIT 1  [["id", 1]]
D, [2015-08-28T00:41:10.737639 #3859] DEBUG -- :   [1m[36mCACHE (0.0ms)[0m  [1mSELECT `groups`.* FROM `groups` INNER JOIN `memberships` ON `groups`.`id` = `memberships`.`group_id` WHERE `memberships`.`user_id` = 1 AND `groups`.`id` = 1[0m  [["user_id", 1], ["id", 1]]
D, [2015-08-28T00:41:10.738088 #3859] DEBUG -- :   [1m[35mCACHE (0.0ms)[0m  SELECT  `groups`.* FROM `groups` WHERE `groups`.`name` = 'Administrators' LIMIT 1  [["name", "Administrators"]]
D, [2015-08-28T00:41:10.738649 #3859] DEBUG -- :   [1m[36mCACHE (0.0ms)[0m  [1mSELECT  `groups`.* FROM `groups` WHERE `groups`.`id` = 1 LIMIT 1[0m  [["id", 1]]
D, [2015-08-28T00:41:10.739294 #3859] DEBUG -- :   [1m[35mCACHE (0.0ms)[0m  SELECT `groups`.* FROM `groups` INNER JOIN `memberships` ON `groups`.`id` = `memberships`.`group_id` WHERE `memberships`.`user_id` = 1 AND `groups`.`id` = 1  [["user_id", 1], ["id", 1]]
I, [2015-08-28T00:41:10.739668 #3859]  INFO -- :   Rendered layouts/_nav.html.erb (267.4ms)
I, [2015-08-28T00:41:10.741173 #3859]  INFO -- :   Rendered layouts/_dev.html.erb (0.4ms)
I, [2015-08-28T00:41:10.741445 #3859]  INFO -- : Completed 200 OK in 872ms (Views: 232.7ms | ActiveRecord: 605.0ms)
I, [2015-08-28T00:41:14.009642 #3859]  INFO -- : Started GET "/portfolios/new" for 127.0.0.1 at 2015-08-28 00:41:14 -0700
I, [2015-08-28T00:41:14.052658 #3859]  INFO -- : Processing by PortfoliosController#new as HTML
D, [2015-08-28T00:41:14.095249 #3859] DEBUG -- :   [1m[36mUser Load (41.9ms)[0m  [1mSELECT  `users`.* FROM `users` WHERE `users`.`id` = 1 LIMIT 1[0m
I, [2015-08-28T00:41:14.098720 #3859]  INFO -- :   Rendered investments/_table_form_no_remove.html.erb (0.3ms)
I, [2015-08-28T00:41:14.099271 #3859]  INFO -- :   Rendered investments/_table_form.html.erb (0.3ms)
I, [2015-08-28T00:41:14.099981 #3859]  INFO -- :   Rendered portfolios/new.html.erb within layouts/application (2.6ms)
I, [2015-08-28T00:41:14.100884 #3859]  INFO -- :   Rendered layouts/_shiv.html.erb (0.0ms)
D, [2015-08-28T00:41:14.139757 #3859] DEBUG -- :   [1m[35mGroup Load (38.3ms)[0m  SELECT  `groups`.* FROM `groups` WHERE `groups`.`name` = 'Administrators' LIMIT 1
D, [2015-08-28T00:41:14.182655 #3859] DEBUG -- :   [1m[36mGroup Load (41.2ms)[0m  [1mSELECT  `groups`.* FROM `groups` WHERE `groups`.`id` = 1 LIMIT 1[0m
D, [2015-08-28T00:41:14.223538 #3859] DEBUG -- :   [1m[35mGroup Exists (39.6ms)[0m  SELECT `groups`.* FROM `groups` INNER JOIN `memberships` ON `groups`.`id` = `memberships`.`group_id` WHERE `memberships`.`user_id` = 1 AND `groups`.`id` = 1
D, [2015-08-28T00:41:14.224053 #3859] DEBUG -- :   [1m[36mCACHE (0.0ms)[0m  [1mSELECT  `groups`.* FROM `groups` WHERE `groups`.`name` = 'Administrators' LIMIT 1[0m  [["name", "Administrators"]]
D, [2015-08-28T00:41:14.224577 #3859] DEBUG -- :   [1m[35mCACHE (0.0ms)[0m  SELECT  `groups`.* FROM `groups` WHERE `groups`.`id` = 1 LIMIT 1  [["id", 1]]
D, [2015-08-28T00:41:14.225252 #3859] DEBUG -- :   [1m[36mCACHE (0.0ms)[0m  [1mSELECT `groups`.* FROM `groups` INNER JOIN `memberships` ON `groups`.`id` = `memberships`.`group_id` WHERE `memberships`.`user_id` = 1 AND `groups`.`id` = 1[0m  [["user_id", 1], ["id", 1]]
D, [2015-08-28T00:41:14.225546 #3859] DEBUG -- :   [1m[35mCACHE (0.0ms)[0m  SELECT  `groups`.* FROM `groups` WHERE `groups`.`name` = 'Administrators' LIMIT 1  [["name", "Administrators"]]
D, [2015-08-28T00:41:14.225919 #3859] DEBUG -- :   [1m[36mCACHE (0.0ms)[0m  [1mSELECT  `groups`.* FROM `groups` WHERE `groups`.`id` = 1 LIMIT 1[0m  [["id", 1]]
D, [2015-08-28T00:41:14.226430 #3859] DEBUG -- :   [1m[35mCACHE (0.0ms)[0m  SELECT `groups`.* FROM `groups` INNER JOIN `memberships` ON `groups`.`id` = `memberships`.`group_id` WHERE `memberships`.`user_id` = 1 AND `groups`.`id` = 1  [["user_id", 1], ["id", 1]]
I, [2015-08-28T00:41:14.226723 #3859]  INFO -- :   Rendered layouts/_nav.html.erb (125.7ms)
I, [2015-08-28T00:41:14.226937 #3859]  INFO -- :   Rendered layouts/_dev.html.erb (0.0ms)
I, [2015-08-28T00:41:14.227135 #3859]  INFO -- : Completed 200 OK in 174ms (Views: 11.0ms | ActiveRecord: 161.0ms)
I, [2015-08-28T00:42:03.032215 #3859]  INFO -- : Started GET "/portfolios/new" for 127.0.0.1 at 2015-08-28 00:42:03 -0700
I, [2015-08-28T00:42:03.075096 #3859]  INFO -- : Processing by PortfoliosController#new as HTML
D, [2015-08-28T00:42:03.126133 #3859] DEBUG -- :   [1m[36mUser Load (50.5ms)[0m  [1mSELECT  `users`.* FROM `users` WHERE `users`.`id` = 1 LIMIT 1[0m
I, [2015-08-28T00:42:03.128778 #3859]  INFO -- :   Rendered investments/_table_form_no_remove.html.erb (0.3ms)
I, [2015-08-28T00:42:03.129331 #3859]  INFO -- :   Rendered investments/_table_form.html.erb (0.3ms)
I, [2015-08-28T00:42:03.130001 #3859]  INFO -- :   Rendered portfolios/new.html.erb within layouts/application (2.3ms)
I, [2015-08-28T00:42:03.130847 #3859]  INFO -- :   Rendered layouts/_shiv.html.erb (0.0ms)
D, [2015-08-28T00:42:03.170897 #3859] DEBUG -- :   [1m[35mGroup Load (39.5ms)[0m  SELECT  `groups`.* FROM `groups` WHERE `groups`.`name` = 'Administrators' LIMIT 1
D, [2015-08-28T00:42:03.213786 #3859] DEBUG -- :   [1m[36mGroup Load (41.7ms)[0m  [1mSELECT  `groups`.* FROM `groups` WHERE `groups`.`id` = 1 LIMIT 1[0m
D, [2015-08-28T00:42:03.258471 #3859] DEBUG -- :   [1m[35mGroup Exists (43.2ms)[0m  SELECT `groups`.* FROM `groups` INNER JOIN `memberships` ON `groups`.`id` = `memberships`.`group_id` WHERE `memberships`.`user_id` = 1 AND `groups`.`id` = 1
D, [2015-08-28T00:42:03.258869 #3859] DEBUG -- :   [1m[36mCACHE (0.0ms)[0m  [1mSELECT  `groups`.* FROM `groups` WHERE `groups`.`name` = 'Administrators' LIMIT 1[0m  [["name", "Administrators"]]
D, [2015-08-28T00:42:03.259304 #3859] DEBUG -- :   [1m[35mCACHE (0.0ms)[0m  SELECT  `groups`.* FROM `groups` WHERE `groups`.`id` = 1 LIMIT 1  [["id", 1]]
D, [2015-08-28T00:42:03.259833 #3859] DEBUG -- :   [1m[36mCACHE (0.0ms)[0m  [1mSELECT `groups`.* FROM `groups` INNER JOIN `memberships` ON `groups`.`id` = `memberships`.`group_id` WHERE `memberships`.`user_id` = 1 AND `groups`.`id` = 1[0m  [["user_id", 1], ["id", 1]]
D, [2015-08-28T00:42:03.259997 #3859] DEBUG -- :   [1m[35mCACHE (0.0ms)[0m  SELECT  `groups`.* FROM `groups` WHERE `groups`.`name` = 'Administrators' LIMIT 1  [["name", "Administrators"]]
D, [2015-08-28T00:42:03.260302 #3859] DEBUG -- :   [1m[36mCACHE (0.0ms)[0m  [1mSELECT  `groups`.* FROM `groups` WHERE `groups`.`id` = 1 LIMIT 1[0m  [["id", 1]]
D, [2015-08-28T00:42:03.260680 #3859] DEBUG -- :   [1m[35mCACHE (0.0ms)[0m  SELECT `groups`.* FROM `groups` INNER JOIN `memberships` ON `groups`.`id` = `memberships`.`group_id` WHERE `memberships`.`user_id` = 1 AND `groups`.`id` = 1  [["user_id", 1], ["id", 1]]
I, [2015-08-28T00:42:03.260869 #3859]  INFO -- :   Rendered layouts/_nav.html.erb (129.9ms)
I, [2015-08-28T00:42:03.261037 #3859]  INFO -- :   Rendered layouts/_dev.html.erb (0.0ms)
I, [2015-08-28T00:42:03.261189 #3859]  INFO -- : Completed 200 OK in 186ms (Views: 9.5ms | ActiveRecord: 174.9ms)
I, [2015-08-28T00:42:09.490573 #3879]  INFO -- : Started GET "/portfolios/new" for 127.0.0.1 at 2015-08-28 00:42:09 -0700
I, [2015-08-28T00:42:09.798640 #3879]  INFO -- : Processing by PortfoliosController#new as HTML
D, [2015-08-28T00:42:09.893641 #3879] DEBUG -- :   [1m[36mUser Load (38.3ms)[0m  [1mSELECT  `users`.* FROM `users` WHERE `users`.`id` = 1 LIMIT 1[0m
I, [2015-08-28T00:42:10.171077 #3879]  INFO -- :   Rendered investments/_table_form_no_remove.html.erb (0.4ms)
I, [2015-08-28T00:42:10.172602 #3879]  INFO -- :   Rendered investments/_table_form.html.erb (0.6ms)
I, [2015-08-28T00:42:10.357559 #3879]  INFO -- :   Rendered portfolios/new.html.erb within layouts/application (189.5ms)
I, [2015-08-28T00:42:10.359974 #3879]  INFO -- :   Rendered layouts/_shiv.html.erb (0.2ms)
D, [2015-08-28T00:42:10.443443 #3879] DEBUG -- :   [1m[35mGroup Load (41.3ms)[0m  SELECT  `groups`.* FROM `groups` WHERE `groups`.`name` = 'Administrators' LIMIT 1
D, [2015-08-28T00:42:10.575729 #3879] DEBUG -- :   [1m[36mGroup Load (42.2ms)[0m  [1mSELECT  `groups`.* FROM `groups` WHERE `groups`.`id` = 1 LIMIT 1[0m
D, [2015-08-28T00:42:10.619114 #3879] DEBUG -- :   [1m[35mGroup Exists (38.2ms)[0m  SELECT `groups`.* FROM `groups` INNER JOIN `memberships` ON `groups`.`id` = `memberships`.`group_id` WHERE `memberships`.`user_id` = 1 AND `groups`.`id` = 1
D, [2015-08-28T00:42:10.619831 #3879] DEBUG -- :   [1m[36mCACHE (0.0ms)[0m  [1mSELECT  `groups`.* FROM `groups` WHERE `groups`.`name` = 'Administrators' LIMIT 1[0m  [["name", "Administrators"]]
D, [2015-08-28T00:42:10.620591 #3879] DEBUG -- :   [1m[35mCACHE (0.0ms)[0m  SELECT  `groups`.* FROM `groups` WHERE `groups`.`id` = 1 LIMIT 1  [["id", 1]]
D, [2015-08-28T00:42:10.621668 #3879] DEBUG -- :   [1m[36mCACHE (0.0ms)[0m  [1mSELECT `groups`.* FROM `groups` INNER JOIN `memberships` ON `groups`.`id` = `memberships`.`group_id` WHERE `memberships`.`user_id` = 1 AND `groups`.`id` = 1[0m  [["user_id", 1], ["id", 1]]
D, [2015-08-28T00:42:10.622006 #3879] DEBUG -- :   [1m[35mCACHE (0.0ms)[0m  SELECT  `groups`.* FROM `groups` WHERE `groups`.`name` = 'Administrators' LIMIT 1  [["name", "Administrators"]]
D, [2015-08-28T00:42:10.622352 #3879] DEBUG -- :   [1m[36mCACHE (0.0ms)[0m  [1mSELECT  `groups`.* FROM `groups` WHERE `groups`.`id` = 1 LIMIT 1[0m  [["id", 1]]
D, [2015-08-28T00:42:10.622828 #3879] DEBUG -- :   [1m[35mCACHE (0.0ms)[0m  SELECT `groups`.* FROM `groups` INNER JOIN `memberships` ON `groups`.`id` = `memberships`.`group_id` WHERE `memberships`.`user_id` = 1 AND `groups`.`id` = 1  [["user_id", 1], ["id", 1]]
I, [2015-08-28T00:42:10.623158 #3879]  INFO -- :   Rendered layouts/_nav.html.erb (262.5ms)
I, [2015-08-28T00:42:10.624609 #3879]  INFO -- :   Rendered layouts/_dev.html.erb (0.4ms)
I, [2015-08-28T00:42:10.624840 #3879]  INFO -- : Completed 200 OK in 826ms (Views: 218.1ms | ActiveRecord: 572.7ms)
I, [2015-08-28T00:42:46.675015 #3900]  INFO -- : Started GET "/portfolios/new" for 127.0.0.1 at 2015-08-28 00:42:46 -0700
I, [2015-08-28T00:42:46.975316 #3900]  INFO -- : Processing by PortfoliosController#new as HTML
D, [2015-08-28T00:42:47.067167 #3900] DEBUG -- :   [1m[36mUser Load (42.2ms)[0m  [1mSELECT  `users`.* FROM `users` WHERE `users`.`id` = 1 LIMIT 1[0m
I, [2015-08-28T00:42:47.343423 #3900]  INFO -- :   Rendered investments/_table_form_no_remove.html.erb (0.4ms)
I, [2015-08-28T00:42:47.345035 #3900]  INFO -- :   Rendered investments/_table_form.html.erb (0.6ms)
I, [2015-08-28T00:42:47.541921 #3900]  INFO -- :   Rendered portfolios/new.html.erb within layouts/application (201.5ms)
I, [2015-08-28T00:42:47.544225 #3900]  INFO -- :   Rendered layouts/_shiv.html.erb (0.2ms)
D, [2015-08-28T00:42:47.632003 #3900] DEBUG -- :   [1m[35mGroup Load (44.0ms)[0m  SELECT  `groups`.* FROM `groups` WHERE `groups`.`name` = 'Administrators' LIMIT 1
D, [2015-08-28T00:42:47.763669 #3900] DEBUG -- :   [1m[36mGroup Load (41.4ms)[0m  [1mSELECT  `groups`.* FROM `groups` WHERE `groups`.`id` = 1 LIMIT 1[0m
D, [2015-08-28T00:42:47.807769 #3900] DEBUG -- :   [1m[35mGroup Exists (38.5ms)[0m  SELECT `groups`.* FROM `groups` INNER JOIN `memberships` ON `groups`.`id` = `memberships`.`group_id` WHERE `memberships`.`user_id` = 1 AND `groups`.`id` = 1
D, [2015-08-28T00:42:47.808542 #3900] DEBUG -- :   [1m[36mCACHE (0.0ms)[0m  [1mSELECT  `groups`.* FROM `groups` WHERE `groups`.`name` = 'Administrators' LIMIT 1[0m  [["name", "Administrators"]]
D, [2015-08-28T00:42:47.809388 #3900] DEBUG -- :   [1m[35mCACHE (0.0ms)[0m  SELECT  `groups`.* FROM `groups` WHERE `groups`.`id` = 1 LIMIT 1  [["id", 1]]
D, [2015-08-28T00:42:47.810464 #3900] DEBUG -- :   [1m[36mCACHE (0.0ms)[0m  [1mSELECT `groups`.* FROM `groups` INNER JOIN `memberships` ON `groups`.`id` = `memberships`.`group_id` WHERE `memberships`.`user_id` = 1 AND `groups`.`id` = 1[0m  [["user_id", 1], ["id", 1]]
D, [2015-08-28T00:42:47.810764 #3900] DEBUG -- :   [1m[35mCACHE (0.0ms)[0m  SELECT  `groups`.* FROM `groups` WHERE `groups`.`name` = 'Administrators' LIMIT 1  [["name", "Administrators"]]
D, [2015-08-28T00:42:47.811231 #3900] DEBUG -- :   [1m[36mCACHE (0.0ms)[0m  [1mSELECT  `groups`.* FROM `groups` WHERE `groups`.`id` = 1 LIMIT 1[0m  [["id", 1]]
D, [2015-08-28T00:42:47.811883 #3900] DEBUG -- :   [1m[35mCACHE (0.0ms)[0m  SELECT `groups`.* FROM `groups` INNER JOIN `memberships` ON `groups`.`id` = `memberships`.`group_id` WHERE `memberships`.`user_id` = 1 AND `groups`.`id` = 1  [["user_id", 1], ["id", 1]]
I, [2015-08-28T00:42:47.812226 #3900]  INFO -- :   Rendered layouts/_nav.html.erb (267.3ms)
I, [2015-08-28T00:42:47.813705 #3900]  INFO -- :   Rendered layouts/_dev.html.erb (0.4ms)
I, [2015-08-28T00:42:47.813940 #3900]  INFO -- : Completed 200 OK in 839ms (Views: 232.9ms | ActiveRecord: 572.6ms)
